
ROM used:   13326/32768 (41%)
            13326/32768 (41%) including unused fragments

            2.9 Average locations per line
            8.5 Average locations per statement

RAM used:   462/1536 (30%) at main() level
            487/1536 (32%) worst case

Stack used: 11 worst case (10 in main + 1 for interrupts)
Stack size: 31

Lines Stmts  %   Files
----- ----- ---  -----
 1520  1131  72  CONTADOR_V5.02.c
  843     0   0  C:\Program Files (x86)\PICC\Devices\18F4580.h
 1351   359  23  C:\Program Files (x86)\PICC\Drivers\stdlib.h
   32     0   0  C:\Program Files (x86)\PICC\Drivers\stddef.h
  423     0   0  C:\Program Files (x86)\PICC\Drivers\string.h
   28     0   0  C:\Program Files (x86)\PICC\Drivers\ctype.h
   37     0   0  C:\Program Files (x86)\PICC\Drivers\stdio.h
  305    54   3  LCD_4x20.c
   76    24   2  24256_eeprom.c
----- -----
 4615  1568 Total

Page ROM  %  RAM    Vol Diff  Functions:
---- --- --- ---    --- ----  ----------
0    122   0    5    243  7.0  strcoll
0    122   0    9    305  6.5  strpbrk
0    144   1    9    365  8.1  strspn
0    176   1   10    494  7.6  strtok
0    660   2   16   1882 11.0  atoi32
0     40   0    1             @delay_ms1
0     34   0    1             @delay_us1
0     60   0    2             @GETCH_BIU_1
0     78   0    1             @PUTCHAR_2_
0    120   0    4             @GETCH_2_
0     20   0    0             @const929
0     76   0    1    326  2.8  lcd_send_nibble
0     68   0    3    235  3.8  lcd_send_byte
0    116   0    2    406  4.7  lcd_init
0     82   0    4    386  6.5  lcd_gotoxy
0     96   0    1    317  4.3  lcd_putc
0    108   0    3             @I2C_READ_1
0    118   0    1             @I2C_WRITE_1
0      8   0    0     32  1.0  init_ext_eeprom
0    262   1    6    331  4.0  write_ext_eeprom
0    168   1    5    243  1.8  read_ext_eeprom
0    180   1    0    741  3.8  TIMER1_isr
0     20   0    0     33  1.3  TIMER3_isr
0     90   0    4    223  5.0  isr_rs232
0   2132   8    2   9309 11.4  MAIN
0     28   0    0             @const1135
0     34   0    2             @PSTRINGC_9600_31766_31767
0     12   0    0             @const1137
0     32   0    2             @PSTRINGC_943
0     44   0    3             @DIV88
0    196   1    6             @PRINTF_D_943
0     12   0    0             @const1147
0     12   0    0             @const1148
0     32   0    2             @PSTRINGC_924
0     12   0    0             @const1150
0     12   0    0             @const1151
0      6   0    0             @const1152
0      6   0    0             @const1153
0     12   0    0             @const1154
0      6   0    0             @const1155
0      6   0    0             @const1156
0      4   0    0             @const1157
0     26   0    0             @MEMSET
0      6   0    0             @const1162
0      6   0    0             @const1163
0      6   0    0             @const1164
0      4   0    0             @const1165
0      4   0    0             @const1166
0      4   0    0             @const1167
0      4   0    0             @const1168
0     24   0    0     82  1.9  solicitar
0     12   0    0             @const1169
0     86   0    4    230  3.1  envio_master
0     12   0    0             @const1171
0    606   2    2   1424  3.4  enviop1
0     20   0    0             @const1173
0      8   0    0             @const1175
0     40   0    3             @PSTRINGCN_943
0    252   1    9             @PRINTF_LD_943
0      8   0    0             @const1180
0    364   1    2    730  4.7  envio
0     46   0    0             @const1181
0     40   0    3             @PSTRINGCN_924
0    198   1    9             @PRINTF_LU_924
0    134   1    2             @PRINTF_U_924
0    342   1    2    785  3.8  envia2
0     42   0    0             @const1189
0      6   0    0             @const1190
0    108   0    0    458  2.3  limpiar
0      2   0    0             @const1191
0    366   1    1   2175  6.9  detecta_suma
0     62   0    2    176  2.7  finsuma
0     80   0    0    603  6.1  contando1
0     50   0    0             @goto12706
0     80   0    0    603  6.1  contando2
0     50   0    0             @goto12747
0     80   0    0    603  6.1  contando3
0     50   0    0             @goto12788
0    646   2    0   5505  4.5  sensando1
0      2   0    0             @const1195
0      2   0    0             @const1196
0      2   0    0             @const1197
0      2   0    0             @const1198
0    646   2    0   5505  4.5  sensando2
0      2   0    0             @const1199
0      2   0    0             @const1200
0      2   0    0             @const1201
0      2   0    0             @const1202
0    648   2    0   5505  4.5  sensando3
0      2   0    0             @const1203
0      2   0    0             @const1204
0      2   0    0             @const1205
0      2   0    0             @const1206
0    868   3    0   4961  5.4  sensores
0     74   0    0    482  4.2  sentidos
0    170   1    5    444  7.1  rd_eeprom
0     12   0    0             @const1213
0    526   2    0   1109  3.4  lcd_cuentas
0      8   0    0             @const1218
0      8   0    0             @const1219
0      8   0    0             @const1220
0      8   0    0             @const1221
0      8   0    0             @const1223
0      8   0    0             @const1224
0      8   0    0             @const1225
0      8   0    0             @const1226
0     54   0    2    119  2.1  write_ent
0     54   0    2    119  2.1  write_sal
0     90   0    2    284  3.4  entraron_total
0     90   0    2    284  3.4  salieron_total
0     78   0    0    341  2.9  graba_conta2
0     82   0    0    304  3.4  leer_conta2
0     56   0    0    157  2.9  reset
0     14   0    0             @const1239
0    142   1    6    579  7.3  evaluar_string
 Inline         0             @cinit1

Program metrics:
    Functions               43
    Statements              1568
    Comments                1353
    Volume (V)              80755
    Difficulty (D)          197.8
    Effort to implement (E) 15970245
    Time to implement (T)   246 hours, 27 minutes
    Est Delivered Bugs (B)  21
    Cyclomatic Complexity   214
    Maintainability (MI)    106

 Segment     Used  Free
-----------  ----  ----
00000-00002     4  0  
00004-00006     0  4  
00008-000C4   190  0  
000C6-07FFE  13132  19438  



